<?xml version="1.0" encoding="UTF-8"?>
<!-- Generated by org.testng.reporters.JUnitReportReporter -->
<testsuite hostname="DOOMSDAY" failures="0" tests="1" name="cucumberOptions.TestRunner" time="1.728" errors="0" timestamp="2023-12-10T04:09:23 IST" skipped="0">
  <testcase classname="cucumberOptions.TestRunner" name="runScenario" time="1.728"/>
</testsuite> <!-- cucumberOptions.TestRunner -->
